<?xml version="1.0" encoding="UTF-8"?>
<!-- Generated by org.testng.reporters.JUnitXMLReporter -->
<testsuite ignored="0" hostname="LPT-ADRIDI" failures="1" tests="6" name="Default test" time="80.693" errors="0" timestamp="2024-03-16T22:00:45 CET">
  <testcase classname="io.cucumber.testng.AbstractTestNGCucumberTests" name="runScenario" time="15.206"/>
  <testcase classname="io.cucumber.testng.AbstractTestNGCucumberTests" name="runScenario" time="12.94"/>
  <testcase classname="io.cucumber.testng.AbstractTestNGCucumberTests" name="runScenario" time="12.915"/>
  <testcase classname="io.cucumber.testng.AbstractTestNGCucumberTests" name="runScenario" time="13.042">
    <failure type="org.junit.ComparisonFailure" message="Incorrect email and/or password expected:&amp;lt;[]Incorrect email and/...&amp;gt; but was:&amp;lt;[Authentication error was expected to be: &amp;apos;Incorrect email and/or password&amp;apos; but found: ]Incorrect email and/...&amp;gt;">
      <![CDATA[org.junit.ComparisonFailure: Incorrect email and/or password expected:<[]Incorrect email and/...> but was:<[Authentication error was expected to be: 'Incorrect email and/or password' but found: ]Incorrect email and/...>
at org.junit.Assert.assertEquals(Assert.java:117)
at stepDefinitions.LoginSteps.an_authentication_error_is_displayed_to_the_user(LoginSteps.java:77)
at ✽.an authentication error is displayed to the user(file:///home/ala/eclipse-workspace/ADExoticsCarRentalTesting-Cucumber-Selenium/src/test/resources/features/login.feature:39)
]]>
    </failure>
  </testcase> <!-- runScenario -->
  <testcase classname="io.cucumber.testng.AbstractTestNGCucumberTests" name="runScenario" time="12.709"/>
  <testcase classname="io.cucumber.testng.AbstractTestNGCucumberTests" name="runScenario" time="12.608"/>
</testsuite> <!-- Default test -->
