<?xml version="1.0" encoding="UTF-8"?>
<testsuite xmlns:xsi="http://www.w3.org/2001/XMLSchema-instance" xsi:noNamespaceSchemaLocation="https://maven.apache.org/surefire/maven-surefire-plugin/xsd/surefire-test-report.xsd" version="3.0.2" name="runners.TestRunner" time="56.496" tests="3" errors="0" skipped="0" failures="2">
  <properties>
[...]
</properties>
  <testcase name="runScenario[&quot;Check login is successful with valid credentials&quot;, &quot;Login feature&quot;](1)" classname="runners.TestRunner" time="17.909">
    <failure message="Seems like you are not logged in expected [true] but found [false]" type="java.lang.AssertionError"><![CDATA[java.lang.AssertionError: Seems like you are not logged in expected [true] but found [false]
	at org.testng.Assert.fail(Assert.java:111)
	at org.testng.Assert.failNotEquals(Assert.java:1578)
	at org.testng.Assert.assertTrue(Assert.java:57)
	at stepDefinitions.BackgroundSteps.user_is_navigated_to_cars_collection(BackgroundSteps.java:61)
	at ✽.user is navigated to cars collection(file:///home/ala/eclipse-workspace/ADExoticsCarRentalTesting-Cucumber-Selenium/src/test/resources/features/login.feature:55)
]]></failure>
    <system-out><![CDATA[
@SanityTest
Scenario Outline: Check login is successful with valid credentials # src/test/resources/features/login.feature:62
initialize props
browser value is: chrome
init the driver to launch browser
inside login page
inside Home page
inside Admin dashboard page
this is the page title: Home - ADExotics Car Rental
  Given user is on home page                                       # stepDefinitions.BackgroundSteps.user_is_on_home_page()
this is the page title: Login - ADExotics Car Rental
  Given user is on login page                                      # stepDefinitions.BackgroundSteps.user_is_on_login_page()
this is the pass : admin@gmail.com
after pass
this is the pass : admin
after pass
  When user enters his "admin@gmail.com" and "admin"               # stepDefinitions.BackgroundSteps.user_enters_his_email_and_password(java.lang.String,java.lang.String)
clicked!!!!!!!!!!!!!!!!!!!!!!!!!
inside Collection page
  And clicks on login                                              # stepDefinitions.BackgroundSteps.clicks_on_login()
this is getText =LOGIN
  Then user is navigated to cars collection                        # stepDefinitions.BackgroundSteps.user_is_navigated_to_cars_collection()
      java.lang.AssertionError: Seems like you are not logged in expected [true] but found [false]
	at org.testng.Assert.fail(Assert.java:111)
	at org.testng.Assert.failNotEquals(Assert.java:1578)
	at org.testng.Assert.assertTrue(Assert.java:57)
	at stepDefinitions.BackgroundSteps.user_is_navigated_to_cars_collection(BackgroundSteps.java:61)
	at ✽.user is navigated to cars collection(file:///home/ala/eclipse-workspace/ADExoticsCarRentalTesting-Cucumber-Selenium/src/test/resources/features/login.feature:55)

inside teardown

    Embedding Check_login_is_successful_with_valid_credentials [image/png 36037 bytes]

inside quit
]]></system-out>
    <system-err><![CDATA[sept. 02, 2024 10:56:25 PM org.openqa.selenium.devtools.CdpVersionFinder findNearestMatch
WARNING: Unable to find CDP implementation matching 119
sept. 02, 2024 10:56:25 PM org.openqa.selenium.chromium.ChromiumDriver lambda$new$5
WARNING: Unable to find version of CDP to use for 119.0.6045.159. You may need to include a dependency on a specific version of the CDP using something similar to `org.seleniumhq.selenium:selenium-devtools-v86:4.22.0` where the version ("v86") matches the version of the chromium-based browser you're using and the version number of the artifact is the same as Selenium's.
]]></system-err>
  </testcase>
  <testcase name="runScenario[&quot;Check login is successful with valid credentials&quot;, &quot;Login feature&quot;](2)" classname="runners.TestRunner" time="16.693">
    <failure message="Seems like you are not logged in expected [true] but found [false]" type="java.lang.AssertionError"><![CDATA[java.lang.AssertionError: Seems like you are not logged in expected [true] but found [false]
	at org.testng.Assert.fail(Assert.java:111)
	at org.testng.Assert.failNotEquals(Assert.java:1578)
	at org.testng.Assert.assertTrue(Assert.java:57)
	at stepDefinitions.BackgroundSteps.user_is_navigated_to_cars_collection(BackgroundSteps.java:61)
	at ✽.user is navigated to cars collection(file:///home/ala/eclipse-workspace/ADExoticsCarRentalTesting-Cucumber-Selenium/src/test/resources/features/login.feature:55)
]]></failure>
    <system-out><![CDATA[
@SanityTest
Scenario Outline: Check login is successful with valid credentials # src/test/resources/features/login.feature:63
initialize props
browser value is: chrome
init the driver to launch browser
inside login page
inside Home page
inside Admin dashboard page
this is the page title: Home - ADExotics Car Rental
  Given user is on home page                                       # stepDefinitions.BackgroundSteps.user_is_on_home_page()
this is the page title: Login - ADExotics Car Rental
  Given user is on login page                                      # stepDefinitions.BackgroundSteps.user_is_on_login_page()
this is the pass : ala@gmail.com
after pass
this is the pass : test1234
after pass
  When user enters his "ala@gmail.com" and "test1234"              # stepDefinitions.BackgroundSteps.user_enters_his_email_and_password(java.lang.String,java.lang.String)
clicked!!!!!!!!!!!!!!!!!!!!!!!!!
inside Collection page
  And clicks on login                                              # stepDefinitions.BackgroundSteps.clicks_on_login()
this is getText =LOGIN
  Then user is navigated to cars collection                        # stepDefinitions.BackgroundSteps.user_is_navigated_to_cars_collection()
      java.lang.AssertionError: Seems like you are not logged in expected [true] but found [false]
	at org.testng.Assert.fail(Assert.java:111)
	at org.testng.Assert.failNotEquals(Assert.java:1578)
	at org.testng.Assert.assertTrue(Assert.java:57)
	at stepDefinitions.BackgroundSteps.user_is_navigated_to_cars_collection(BackgroundSteps.java:61)
	at ✽.user is navigated to cars collection(file:///home/ala/eclipse-workspace/ADExoticsCarRentalTesting-Cucumber-Selenium/src/test/resources/features/login.feature:55)

inside teardown

    Embedding Check_login_is_successful_with_valid_credentials [image/png 35719 bytes]

inside quit
]]></system-out>
    <system-err><![CDATA[sept. 02, 2024 10:56:42 PM org.openqa.selenium.devtools.CdpVersionFinder findNearestMatch
WARNING: Unable to find CDP implementation matching 119
sept. 02, 2024 10:56:42 PM org.openqa.selenium.chromium.ChromiumDriver lambda$new$5
WARNING: Unable to find version of CDP to use for 119.0.6045.159. You may need to include a dependency on a specific version of the CDP using something similar to `org.seleniumhq.selenium:selenium-devtools-v86:4.22.0` where the version ("v86") matches the version of the chromium-based browser you're using and the version number of the artifact is the same as Selenium's.
]]></system-err>
  </testcase>
  <testcase name="runScenario[&quot;Signup with valid informations&quot;, &quot;Signup feature&quot;](3)" classname="runners.TestRunner" time="19.365">
    <system-out><![CDATA[
@SanityTest
Scenario Outline: Signup with valid informations                                                                     # src/test/resources/features/signup.feature:37
initialize props
browser value is: chrome
init the driver to launch browser
inside login page
inside Home page
inside Admin dashboard page
this is the page title: Home - ADExotics Car Rental
  Given user is on home page                                                                                         # stepDefinitions.BackgroundSteps.user_is_on_home_page()
inside signup page
this is the page title: Signup - ADExotics Car Rental
  Given user is on signup page                                                                                       # stepDefinitions.SignupSteps.user_is_on_signup_page()
  When user enters his signup informations "Miela Dridi" and "miela.dridi@gmail.com" and "test@1234" and "test@1234" # stepDefinitions.SignupSteps.user_leaves_empty_signup_fields(java.lang.String,java.lang.String,java.lang.String,java.lang.String)
inside Collection page
  And clicks on signup                                                                                               # stepDefinitions.SignupSteps.clicks_on_signup()
this is the page title: Login - ADExotics Car Rental
  Then user is navigated to login page                                                                               # stepDefinitions.BackgroundSteps.user_is_on_login_page()
inside teardown
inside quit
]]></system-out>
    <system-err><![CDATA[sept. 02, 2024 10:56:58 PM org.openqa.selenium.devtools.CdpVersionFinder findNearestMatch
WARNING: Unable to find CDP implementation matching 119
sept. 02, 2024 10:56:58 PM org.openqa.selenium.chromium.ChromiumDriver lambda$new$5
WARNING: Unable to find version of CDP to use for 119.0.6045.159. You may need to include a dependency on a specific version of the CDP using something similar to `org.seleniumhq.selenium:selenium-devtools-v86:4.22.0` where the version ("v86") matches the version of the chromium-based browser you're using and the version number of the artifact is the same as Selenium's.
]]></system-err>
  </testcase>
</testsuite>