<?xml version="1.0" encoding="UTF-8"?>
<testng-results ignored="0" total="1" passed="1" failed="0" skipped="0">
  <reporter-output>
  </reporter-output>
  <suite started-at="2024-05-29T20:52:59 CET" name="Default suite" finished-at="2024-05-29T20:53:31 CET" duration-ms="32159">
    <groups>
      <group name="cucumber">
        <method signature="AbstractTestNGCucumberTests.runScenario(io.cucumber.testng.PickleWrapper,io.cucumber.testng.FeatureWrapper)[pri:0, instance:runners.TestRunner@2f16c6b3]" name="runScenario" class="io.cucumber.testng.AbstractTestNGCucumberTests"/>
      </group> <!-- cucumber -->
    </groups>
    <test started-at="2024-05-29T20:52:59 CET" name="Default test" finished-at="2024-05-29T20:53:31 CET" duration-ms="32159">
      <class name="runners.TestRunner">
        <test-method is-config="true" signature="setUpClass(org.testng.ITestContext)[pri:0, instance:runners.TestRunner@2f16c6b3]" started-at="2024-05-29T20:52:59 CET" name="setUpClass" finished-at="2024-05-29T20:53:01 CET" duration-ms="1953" status="PASS">
          <params>
            <param index="0">
              <value>
                <![CDATA[org.testng.TestRunner@2d7637e6]]>
              </value>
            </param>
          </params>
          <reporter-output>
          </reporter-output>
        </test-method> <!-- setUpClass -->
        <test-method signature="runScenario(io.cucumber.testng.PickleWrapper,io.cucumber.testng.FeatureWrapper)[pri:0, instance:runners.TestRunner@2f16c6b3]" started-at="2024-05-29T20:53:01 CET" name="runScenario" description="Runs Cucumber Scenarios" data-provider="scenarios" finished-at="2024-05-29T20:53:31 CET" duration-ms="29597" status="PASS">
          <params>
            <param index="0">
              <value>
                <![CDATA["Select a thumbnail for the car"]]>
              </value>
            </param>
            <param index="1">
              <value>
                <![CDATA["post a car"]]>
              </value>
            </param>
          </params>
          <reporter-output>
          </reporter-output>
        </test-method> <!-- runScenario -->
        <test-method is-config="true" signature="tearDownClass()[pri:0, instance:runners.TestRunner@2f16c6b3]" started-at="2024-05-29T20:53:31 CET" name="tearDownClass" finished-at="2024-05-29T20:53:31 CET" duration-ms="520" status="PASS">
          <reporter-output>
          </reporter-output>
        </test-method> <!-- tearDownClass -->
      </class> <!-- runners.TestRunner -->
    </test> <!-- Default test -->
  </suite> <!-- Default suite -->
</testng-results>
