<?xml version="1.0" encoding="UTF-8"?>
<!-- Generated by org.testng.reporters.JUnitReportReporter -->
<testsuite hostname="LPT-ADRIDI" failures="1" tests="6" name="runners.TestRunner" time="79.420" errors="0" timestamp="2024-03-16T22:00:45 CET" skipped="0">
  <testcase classname="runners.TestRunner" name="runScenario" time="12.940"/>
  <testcase classname="runners.TestRunner" name="runScenario" time="12.915"/>
  <testcase classname="runners.TestRunner" name="runScenario" time="15.206"/>
  <testcase classname="runners.TestRunner" name="runScenario" time="13.042">
    <failure message="Incorrect email and/or password expected:&lt;[]Incorrect email and/...&gt; but was:&lt;[Authentication error was expected to be: &#039;Incorrect email and/or password&#039; but found: ]Incorrect email and/...&gt;" type="org.junit.ComparisonFailure">
      <![CDATA[org.junit.ComparisonFailure: Incorrect email and/or password expected:<[]Incorrect email and/...> but was:<[Authentication error was expected to be: 'Incorrect email and/or password' but found: ]Incorrect email and/...>
at org.junit.Assert.assertEquals(Assert.java:117)
at stepDefinitions.LoginSteps.an_authentication_error_is_displayed_to_the_user(LoginSteps.java:77)
at ✽.an authentication error is displayed to the user(file:///home/ala/eclipse-workspace/ADExoticsCarRentalTesting-Cucumber-Selenium/src/test/resources/features/login.feature:39)
]]>
    </failure>
  </testcase> <!-- runScenario -->
  <testcase classname="runners.TestRunner" name="runScenario" time="12.709"/>
  <testcase classname="runners.TestRunner" name="runScenario" time="12.608"/>
</testsuite> <!-- runners.TestRunner -->
